\BOOKMARK [0][-]{chapter.1}{\376\377\000S\000p\000e\000c\000y\000f\000i\000k\000a\000c\000j\000a\000\040\000t\000e\000m\000a\000t\000u\000\040\000p\000r\000o\000j\000e\000k\000t\000u}{}% 1
\BOOKMARK [1][-]{section.1.1}{\376\377\000C\000e\000l\000\040\000p\000r\000o\000j\000e\000k\000t\000u}{chapter.1}% 2
\BOOKMARK [1][-]{section.1.2}{\376\377\000Z\000a\000k\000r\000e\000s\000\040\000p\000r\000o\000j\000e\000k\000t\000u}{chapter.1}% 3
\BOOKMARK [1][-]{section.1.3}{\376\377\000T\000e\000c\000h\000n\000o\000l\000o\000g\000i\000e\000\040\000i\000\040\000n\000a\000r\000z\001\031\000d\000z\000i\000a}{chapter.1}% 4
\BOOKMARK [1][-]{section.1.4}{\376\377\000I\000n\000s\000t\000r\000u\000k\000c\000j\000a\000\040\000u\000r\000u\000c\000h\000o\000m\000i\000e\000n\000i\000a\000\040\000p\000r\000o\000j\000e\000k\000t\000u}{chapter.1}% 5
\BOOKMARK [0][-]{chapter.2}{\376\377\000A\000s\000p\000e\000k\000t\000\040\000p\000r\000o\000j\000e\000k\000t\000o\000w\000y\000\040\000b\000a\000z\000\040\000d\000a\000n\000y\000c\000h}{}% 6
\BOOKMARK [1][-]{section.2.1}{\376\377\000Z\000d\000e\000f\000i\000n\000i\000o\000w\000a\000n\000e\000\040\000s\000t\000r\000u\000k\000t\000u\000r\000y\000\040\000t\000a\000b\000e\000l}{chapter.2}% 7
\BOOKMARK [2][-]{subsection.2.1.1}{\376\377\000T\000a\000b\000e\000l\000a\000\040\000c\000a\000t\000e\000g\000o\000r\000i\000e\000s}{section.2.1}% 8
\BOOKMARK [2][-]{subsection.2.1.2}{\376\377\000T\000a\000b\000e\000l\000a\000\040\000s\000u\000p\000p\000l\000i\000e\000r\000s}{section.2.1}% 9
\BOOKMARK [2][-]{subsection.2.1.3}{\376\377\000T\000a\000b\000e\000l\000a\000\040\000c\000l\000i\000e\000n\000t\000s}{section.2.1}% 10
\BOOKMARK [2][-]{subsection.2.1.4}{\376\377\000T\000a\000b\000e\000l\000a\000\040\000e\000m\000p\000l\000o\000y\000e\000e\000s}{section.2.1}% 11
\BOOKMARK [2][-]{subsection.2.1.5}{\376\377\000T\000a\000b\000e\000l\000a\000\040\000l\000o\000c\000a\000t\000i\000o\000n\000s}{section.2.1}% 12
\BOOKMARK [2][-]{subsection.2.1.6}{\376\377\000T\000a\000b\000e\000l\000a\000\040\000s\000h\000i\000p\000m\000e\000n\000t\000s}{section.2.1}% 13
\BOOKMARK [2][-]{subsection.2.1.7}{\376\377\000T\000a\000b\000e\000l\000a\000\040\000s\000h\000i\000p\000m\000e\000n\000t\000\137\000d\000e\000t\000a\000i\000l\000s}{section.2.1}% 14
\BOOKMARK [2][-]{subsection.2.1.8}{\376\377\000T\000a\000b\000e\000l\000a\000\040\000p\000r\000o\000d\000u\000c\000t\000s}{section.2.1}% 15
\BOOKMARK [2][-]{subsection.2.1.9}{\376\377\000T\000a\000b\000e\000l\000a\000\040\000i\000n\000v\000e\000n\000t\000o\000r\000y}{section.2.1}% 16
\BOOKMARK [2][-]{subsection.2.1.10}{\376\377\000T\000a\000b\000e\000l\000a\000\040\000r\000e\000c\000e\000i\000p\000t\000s}{section.2.1}% 17
\BOOKMARK [2][-]{subsection.2.1.11}{\376\377\000T\000a\000b\000e\000l\000a\000\040\000r\000e\000c\000e\000i\000p\000t\000\137\000d\000e\000t\000a\000i\000l\000s}{section.2.1}% 18
\BOOKMARK [1][-]{section.2.2}{\376\377\000D\000i\000a\000g\000r\000a\000m\000\040\000z\000w\000i\001\005\000z\000k\000\363\000w\000\040\000e\000n\000c\000j\000i}{chapter.2}% 19
\BOOKMARK [1][-]{section.2.3}{\376\377\000P\000o\000w\000i\001\005\000z\000a\000n\000i\000a\000\040\000p\000o\000m\000i\001\031\000d\000z\000y\000\040\000t\000a\000b\000e\000l\000a\000m\000i}{chapter.2}% 20
\BOOKMARK [1][-]{section.2.4}{\376\377\000K\000o\000d\000\040\000r\000e\000a\000l\000i\000z\000u\000j\001\005\000c\000y\000\040\000b\000a\000z\001\031\000\040\000d\000a\000n\000y\000c\000h}{chapter.2}% 21
\BOOKMARK [1][-]{section.2.5}{\376\377\000N\000o\000r\000m\000a\000l\000i\000z\000a\000c\000j\000a\000\040\000b\000a\000z\000y\000\040\000d\000a\000n\000y\000c\000h}{chapter.2}% 22
\BOOKMARK [2][-]{subsection.2.5.1}{\376\377\000P\000i\000e\000r\000w\000s\000z\000a\000\040\000p\000o\000s\000t\000a\001\007\000\040\000n\000o\000r\000m\000a\000l\000n\000a\000\040\000\050\0001\000N\000F\000\051}{section.2.5}% 23
\BOOKMARK [2][-]{subsection.2.5.2}{\376\377\000D\000r\000u\000g\000a\000\040\000p\000o\000s\000t\000a\001\007\000\040\000n\000o\000r\000m\000a\000l\000n\000a\000\040\000\050\0002\000N\000F\000\051}{section.2.5}% 24
\BOOKMARK [2][-]{subsection.2.5.3}{\376\377\000T\000r\000z\000e\000c\000i\000a\000\040\000p\000o\000s\000t\000a\001\007\000\040\000n\000o\000r\000m\000a\000l\000n\000a\000\040\000\050\0003\000N\000F\000\051}{section.2.5}% 25
\BOOKMARK [2][-]{subsection.2.5.4}{\376\377\000P\000o\000d\000s\000u\000m\000o\000w\000a\000n\000i\000e}{section.2.5}% 26
\BOOKMARK [0][-]{chapter.3}{\376\377\000Z\000a\000p\000y\000t\000a\000n\000i\000a\000\040\000p\000r\000o\000b\000l\000e\000m\000o\000w\000e\000\040\000i\000\040\000i\000c\000h\000\040\000r\000e\000a\000l\000i\000z\000a\000c\000j\000a}{}% 27
\BOOKMARK [1][-]{section.3.1}{\376\377\000P\000r\000e\000m\000i\000a\000\040\000d\000l\000a\000\040\000p\000r\000a\000c\000o\000w\000n\000i\000k\000\363\000w\000\040\000z\000a\000\040\000o\000b\000s\001\102\000u\001\174\000o\000n\000e\000\040\000w\000y\000s\000y\001\102\000k\000i\000\040\000\050\000z\000r\000e\000a\000l\000i\000z\000o\000w\000a\000n\000e\000\040\000w\000\040\000i\000n\000t\000e\000r\000f\000e\000j\000s\000i\000e\000\040\000u\001\174\000y\000t\000k\000o\000w\000n\000i\000k\000a\000\051}{chapter.3}% 28
\BOOKMARK [1][-]{section.3.2}{\376\377\000A\000u\000t\000o\000m\000a\000t\000y\000c\000z\000n\000e\000\040\000o\000z\000n\000a\000c\000z\000a\000n\000i\000e\000\040\000p\000r\000z\000e\000t\000e\000r\000m\000i\000n\000o\000w\000a\000n\000y\000c\000h\000\040\000w\000y\000s\000y\001\102\000e\000k}{chapter.3}% 29
\BOOKMARK [1][-]{section.3.3}{\376\377\000W\000y\000k\000r\000y\000w\000a\000n\000i\000e\000\040\000b\000r\000a\000k\000\363\000w\000\040\000m\000a\000g\000a\000z\000y\000n\000o\000w\000y\000c\000h}{chapter.3}% 30
\BOOKMARK [1][-]{section.3.4}{\376\377\000O\000b\000l\000i\000c\000z\000e\000n\000i\000e\000\040\000s\000t\000o\000p\000n\000i\000a\000\040\000r\000e\000a\000l\000i\000z\000a\000c\000j\000i\000\040\000d\000o\000s\000t\000a\000w\000y\000\040\000\050\000z\000r\000e\000a\000l\000i\000z\000o\000w\000a\000n\000e\000\040\000w\000\040\000i\000n\000t\000e\000r\000f\000e\000j\000s\000i\000e\000\040\000u\001\174\000y\000t\000k\000o\000w\000n\000i\000k\000a\000\051}{chapter.3}% 31
\BOOKMARK [1][-]{section.3.5}{\376\377\000N\000a\000j\000a\000k\000t\000y\000w\000n\000i\000e\000j\000s\000i\000\040\000k\000l\000i\000e\000n\000c\000i\000\040\000w\000\040\000d\000a\000n\000y\000m\000\040\000o\000k\000r\000e\000s\000i\000e}{chapter.3}% 32
\BOOKMARK [1][-]{section.3.6}{\376\377\000K\000o\000n\000t\000r\000o\000l\000a\000\040\000p\000o\000j\000e\000m\000n\000o\001\133\000c\000i\000\040\000l\000o\000k\000a\000l\000i\000z\000a\000c\000j\000i\000\040\000m\000a\000g\000a\000z\000y\000n\000o\000w\000e\000j}{chapter.3}% 33
\BOOKMARK [1][-]{section.3.7}{\376\377\000A\000k\000t\000u\000a\000l\000i\000z\000a\000c\000j\000a\000\040\000s\000t\000a\000n\000u\000\040\000m\000a\000g\000a\000z\000y\000n\000u\000\040\000p\000o\000\040\000p\000r\000z\000y\000j\001\031\000c\000i\000u\000\040\000d\000o\000s\000t\000a\000w\000y}{chapter.3}% 34
\BOOKMARK [1][-]{section.3.8}{\376\377\000O\000c\000e\000n\000a\000\040\000p\000r\000o\000d\000u\000k\000t\000y\000w\000n\000o\001\133\000c\000i\000\040\000p\000r\000a\000c\000o\000w\000n\000i\000k\000\363\000w\000\040\000\050\000z\000r\000e\000a\000l\000i\000z\000o\000w\000a\000n\000e\000\040\000w\000\040\000i\000n\000t\000e\000r\000f\000e\000j\000s\000i\000e\000\040\000u\001\174\000y\000t\000k\000o\000w\000n\000i\000k\000a\000\051}{chapter.3}% 35
\BOOKMARK [1][-]{section.3.9}{\376\377\000N\000a\000j\000c\000z\001\031\001\133\000c\000i\000e\000j\000\040\000w\000y\000s\000y\001\102\000a\000n\000e\000\040\000p\000r\000o\000d\000u\000k\000t\000y\000\040\000\050\000z\000r\000e\000a\000l\000i\000z\000o\000w\000a\000n\000e\000\040\000w\000\040\000i\000n\000t\000e\000r\000f\000e\000j\000s\000i\000e\000\040\000u\001\174\000y\000t\000k\000o\000w\000n\000i\000k\000a\000\051}{chapter.3}% 36
\BOOKMARK [1][-]{section.3.10}{\376\377\000W\000a\000l\000i\000d\000a\000c\000j\000a\000\040\000p\000o\000p\000r\000a\000w\000n\000o\001\133\000c\000i\000\040\000d\000o\000s\000t\000a\000w\000y}{chapter.3}% 37
\BOOKMARK [1][-]{section.3.11}{\376\377\000W\000y\000m\000a\000g\000a\000n\000i\000a\000\040\000C\000R\000U\000D\000\040\000s\000y\000s\000t\000e\000m\000u}{chapter.3}% 38
\BOOKMARK [0][-]{chapter.4}{\376\377\000P\000r\000z\000e\000d\000s\000t\000a\000w\000i\000e\000n\000i\000e\000\040\000p\000o\000w\000s\000t\000a\001\102\000e\000j\000\040\000b\000a\000z\000y\000\040\000d\000a\000n\000y\000c\000h\000\040\000i\000\040\000w\000d\000r\000o\001\174\000o\000n\000y\000c\000h\000\040\000m\000e\000c\000h\000a\000n\000i\000z\000m\000\363\000w}{}% 39
\BOOKMARK [1][-]{section.4.1}{\376\377\000R\000e\000a\000l\000i\000z\000a\000c\000j\000a\000\040\000m\000e\000c\000h\000a\000n\000i\000z\000m\000u\000\040\000C\000R\000U\000D}{chapter.4}% 40
\BOOKMARK [2][-]{subsection.4.1.1}{\376\377\000O\000p\000e\000r\000a\000c\000j\000a\000\040\000C\000r\000e\000a\000t\000e}{section.4.1}% 41
\BOOKMARK [2][-]{subsection.4.1.2}{\376\377\000O\000p\000e\000r\000a\000c\000j\000a\000\040\000R\000e\000a\000d}{section.4.1}% 42
\BOOKMARK [2][-]{subsection.4.1.3}{\376\377\000O\000p\000e\000r\000a\000c\000j\000a\000\040\000U\000p\000d\000a\000t\000e}{section.4.1}% 43
\BOOKMARK [2][-]{subsection.4.1.4}{\376\377\000O\000p\000e\000r\000a\000c\000j\000a\000\040\000D\000e\000l\000e\000t\000e}{section.4.1}% 44
\BOOKMARK [0][-]{chapter.5}{\376\377\000K\000o\000n\000c\000e\000p\000c\000j\000a\000\040\000d\000o\000s\000t\001\031\000p\000u\000\040\000z\000d\000a\000l\000n\000e\000g\000o\000\040\000d\000o\000\040\000b\000a\000z\000y\000\040\000d\000a\000n\000y\000c\000h}{}% 45
\BOOKMARK [1][-]{section.5.1}{\376\377\000Z\000a\001\102\000o\001\174\000e\000n\000i\000a\000\040\000a\000r\000c\000h\000i\000t\000e\000k\000t\000o\000n\000i\000c\000z\000n\000e}{chapter.5}% 46
\BOOKMARK [1][-]{section.5.2}{\376\377\000R\000e\000a\000l\000i\000z\000a\000c\000j\000a\000\040\000p\000o\001\102\001\005\000c\000z\000e\000n\000i\000a\000\040\000z\000\040\000b\000a\000z\001\005\000\040\000d\000a\000n\000y\000c\000h}{chapter.5}% 47
\BOOKMARK [1][-]{section.5.3}{\376\377\000Z\000a\000k\000r\000e\000s\000\040\000d\000o\000s\000t\001\031\000p\000u\000\040\000d\000o\000\040\000a\000p\000l\000i\000k\000a\000c\000j\000i}{chapter.5}% 48
\BOOKMARK [0][-]{chapter.6}{\376\377\000I\000n\000t\000e\000r\000f\000e\000j\000s\000\040\000u\001\174\000y\000t\000k\000o\000w\000n\000i\000k\000a\000\040\000a\000p\000l\000i\000k\000a\000c\000j\000i}{}% 49
\BOOKMARK [1][-]{section.6.1}{\376\377\000G\001\102\000\363\000w\000n\000e\000\040\000o\000k\000n\000o\000\040\000a\000p\000l\000i\000k\000a\000c\000j\000i}{chapter.6}% 50
\BOOKMARK [1][-]{section.6.2}{\376\377\000Z\000a\000r\000z\001\005\000d\000z\000a\000n\000i\000e\000\040\000k\000a\000t\000e\000g\000o\000r\000i\000a\000m\000i\000\040\000p\000r\000o\000d\000u\000k\000t\000\363\000w}{chapter.6}% 51
\BOOKMARK [1][-]{section.6.3}{\376\377\000Z\000a\000r\000z\001\005\000d\000z\000a\000n\000i\000e\000\040\000k\000l\000i\000e\000n\000t\000a\000m\000i}{chapter.6}% 52
\BOOKMARK [1][-]{section.6.4}{\376\377\000Z\000a\000p\000y\000t\000a\000n\000i\000e\000\040\000p\000r\000o\000b\000l\000e\000m\000o\000w\000e\000\040\040\023\000\040\000p\000r\000e\000m\000i\000a\000\040\000p\000r\000a\000c\000o\000w\000n\000i\000k\000\363\000w}{chapter.6}% 53
\BOOKMARK [1][-]{section.6.5}{\376\377\000A\000n\000a\000l\000i\000z\000a\000\040\000p\000r\000o\000d\000u\000k\000t\000y\000w\000n\000o\001\133\000c\000i\000\040\000p\000r\000a\000c\000o\000w\000n\000i\000k\000\363\000w}{chapter.6}% 54
\BOOKMARK [1][-]{section.6.6}{\376\377\000Z\000a\000r\000z\001\005\000d\000z\000a\000n\000i\000e\000\040\000p\000r\000a\000c\000o\000w\000n\000i\000k\000a\000m\000i}{chapter.6}% 55
\BOOKMARK [1][-]{section.6.7}{\376\377\000Z\000a\000r\000z\001\005\000d\000z\000a\000n\000i\000e\000\040\000s\000t\000a\000n\000a\000m\000i\000\040\000m\000a\000g\000a\000z\000y\000n\000o\000w\000y\000m\000i}{chapter.6}% 56
\BOOKMARK [1][-]{section.6.8}{\376\377\000Z\000a\000r\000z\001\005\000d\000z\000a\000n\000i\000e\000\040\000l\000o\000k\000a\000l\000i\000z\000a\000c\000j\000a\000m\000i\000\040\000m\000a\000g\000a\000z\000y\000n\000o\000w\000y\000m\000i}{chapter.6}% 57
\BOOKMARK [1][-]{section.6.9}{\376\377\000N\000a\000j\000c\000z\001\031\001\133\000c\000i\000e\000j\000\040\000w\000y\000s\000y\001\102\000a\000n\000e\000\040\000p\000r\000o\000d\000u\000k\000t\000y}{chapter.6}% 58
\BOOKMARK [1][-]{section.6.10}{\376\377\000Z\000a\000r\000z\001\005\000d\000z\000a\000n\000i\000e\000\040\000p\000r\000o\000d\000u\000k\000t\000a\000m\000i}{chapter.6}% 59
\BOOKMARK [1][-]{section.6.11}{\376\377\000S\000t\000o\000p\000i\000e\001\104\000\040\000r\000e\000a\000l\000i\000z\000a\000c\000j\000i\000\040\000d\000o\000s\000t\000a\000w\000y}{chapter.6}% 60
\BOOKMARK [1][-]{section.6.12}{\376\377\000W\000y\000n\000i\000k\000\040\000o\000b\000l\000i\000c\000z\000e\000n\000i\000a\000\040\000s\000t\000o\000p\000n\000i\000a\000\040\000r\000e\000a\000l\000i\000z\000a\000c\000j\000i\000\040\000d\000o\000s\000t\000a\000w\000y}{chapter.6}% 61
\BOOKMARK [1][-]{section.6.13}{\376\377\000Z\000a\000r\000z\001\005\000d\000z\000a\000n\000i\000e\000\040\000p\000r\000z\000y\000j\001\031\000c\000i\000a\000m\000i\000\040\000t\000o\000w\000a\000r\000u}{chapter.6}% 62
\BOOKMARK [1][-]{section.6.14}{\376\377\000Z\000a\000r\000z\001\005\000d\000z\000a\000n\000i\000e\000\040\000w\000y\000s\000y\001\102\000k\000a\000m\000i}{chapter.6}% 63
\BOOKMARK [1][-]{section.6.15}{\376\377\000Z\000a\000r\000z\001\005\000d\000z\000a\000n\000i\000e\000\040\000d\000o\000s\000t\000a\000w\000c\000a\000m\000i}{chapter.6}% 64
\BOOKMARK [0][-]{chapter.7}{\376\377\000R\000e\000p\000o\000z\000y\000t\000o\000r\000i\000u\000m\000\040\000p\000r\000o\000j\000e\000k\000t\000u\000\040\000\050\000G\000i\000t\000H\000u\000b\000\051}{}% 65
\BOOKMARK [1][-]{section.7.1}{\376\377\000D\000o\000k\000u\000m\000e\000n\000t\000a\000c\000j\000a\000\040\000p\000r\000o\000j\000e\000k\000t\000u\000\040\000\050\000G\000i\000t\000H\000u\000b\000\051}{chapter.7}% 66
\BOOKMARK [1][-]{section.7.1}{\376\377\000B\000i\000b\000l\000i\000o\000g\000r\000a\000f\000i\000a}{chapter.7}% 67
\BOOKMARK [1][-]{chapter*.17}{\376\377\000S\000p\000i\000s\000\040\000r\000y\000s\000u\000n\000k\000\363\000w}{chapter.7}% 68
\BOOKMARK [1][-]{chapter*.17}{\376\377\000S\000p\000i\000s\000\040\000l\000i\000s\000t\000i\000n\000g\000\363\000w}{chapter.7}% 69
